03-06 16:45:31.027   755   809 E BluetoothPowerStatsCollector: Caused by: java.lang.RuntimeException: error: 11
03-06 16:45:31.027   755   809 E BluetoothPowerStatsCollector: 	at com.android.server.power.stats.BluetoothPowerStatsCollector$1.onBluetoothActivityEnergyInfoError(BluetoothPowerStatsCollector.java:180)
03-06 16:45:31.027   755   809 E BluetoothPowerStatsCollector: 	at android.bluetooth.BluetoothAdapter$OnBluetoothActivityEnergyInfoProxy.lambda$onBluetoothActivityEnergyInfoAvailable$0(BluetoothAdapter.java:1010)
03-06 16:45:31.027   755   809 E BluetoothPowerStatsCollector: 	at android.bluetooth.BluetoothAdapter$OnBluetoothActivityEnergyInfoProxy.$r8$lambda$ks_hN9Vo_x2Jp1k5f-s67WiAd4A(Unknown Source:0)
03-06 16:45:31.027   755   809 E BluetoothPowerStatsCollector: 	at android.bluetooth.BluetoothAdapter$OnBluetoothActivityEnergyInfoProxy$$ExternalSyntheticLambda0.run(D8$$SyntheticClass:0)
03-06 16:45:31.027   755   809 E BluetoothPowerStatsCollector: 	at android.bluetooth.BluetoothUtils.lambda$executeFromBinder$0(BluetoothUtils.java:346)
03-06 16:45:31.027   755   809 E BluetoothPowerStatsCollector: 	at android.bluetooth.BluetoothUtils$$ExternalSyntheticLambda1.run(D8$$SyntheticClass:0)
03-06 16:45:31.027   755   809 E BluetoothPowerStatsCollector: 	at com.android.server.SystemServerInitThreadPool$$ExternalSyntheticLambda0.execute(R8$$SyntheticClass:0)
03-06 16:45:31.027   755   809 E BluetoothPowerStatsCollector: 	at android.bluetooth.BluetoothUtils.executeFromBinder(BluetoothUtils.java:346)
03-06 16:45:31.027   755   809 E BluetoothPowerStatsCollector: 	at android.bluetooth.BluetoothAdapter$OnBluetoothActivityEnergyInfoProxy.onBluetoothActivityEnergyInfoAvailable(BluetoothAdapter.java:1008)
03-06 16:45:31.027   755   809 E BluetoothPowerStatsCollector: 	at android.bluetooth.IBluetoothActivityEnergyInfoListener$Stub.onTransact(IBluetoothActivityEnergyInfoListener.java:98)
03-06 16:45:31.027   755   809 E BluetoothPowerStatsCollector: 	at android.os.Binder.execTransactInternal(Binder.java:1478)
03-06 16:45:31.027   755   809 E BluetoothPowerStatsCollector: 	at android.os.Binder.execTransact(Binder.java:1418)
03-06 16:46:07.715  7978  8028 E unknown:SurfaceMountingManager: Stopping surface [31]
03-06 16:46:07.722  7978  7978 E unknown:SurfaceMountingManager: Surface [31] was stopped on SurfaceMountingManager.
03-06 16:46:07.757  7978  7978 E unknown:IntBufferBatchMountItem: Skipping batch of MountItems; was stopped [31].
03-06 16:46:11.265   755  1754 E TaskPersister: File error accessing recents directory (directory doesn't exist?).
03-06 16:47:15.246   755  1754 E TaskPersister: File error accessing recents directory (directory doesn't exist?).
03-06 16:49:01.119   755  1754 E TaskPersister: File error accessing recents directory (directory doesn't exist?).
03-06 16:50:22.784   755   982 E ClipboardService: Denying clipboard access to com.android.chrome, application is not in focus nor is it a system service for user 0
03-06 16:50:23.272   755   982 E ClipboardService: Denying clipboard access to com.android.chrome, application is not in focus nor is it a system service for user 0
03-06 16:50:45.768   755   809 E BluetoothPowerStatsCollector: Cannot acquire BluetoothActivityEnergyInfo
03-06 16:50:45.768   755   809 E BluetoothPowerStatsCollector: java.util.concurrent.ExecutionException: java.lang.RuntimeException: error: 11
03-06 16:50:45.768   755   809 E BluetoothPowerStatsCollector: 	at java.util.concurrent.CompletableFuture.reportGet(CompletableFuture.java:372)
03-06 16:50:45.768   755   809 E BluetoothPowerStatsCollector: 	at java.util.concurrent.CompletableFuture.get(CompletableFuture.java:2072)
03-06 16:50:45.768   755   809 E BluetoothPowerStatsCollector: 	at com.android.server.power.stats.BluetoothPowerStatsCollector.collectBluetoothActivityInfo(BluetoothPowerStatsCollector.java:191)
03-06 16:50:45.768   755   809 E BluetoothPowerStatsCollector: 	at com.android.server.power.stats.BluetoothPowerStatsCollector.collectStats(BluetoothPowerStatsCollector.java:155)
03-06 16:50:45.768   755   809 E BluetoothPowerStatsCollector: 	at com.android.server.power.stats.PowerStatsCollector.collectAndDeliverStats(PowerStatsCollector.java:196)
03-06 16:50:45.768   755   809 E BluetoothPowerStatsCollector: 	at com.android.server.power.stats.PowerStatsCollector.lambda$schedule$0(PowerStatsCollector.java:166)
03-06 16:50:45.768   755   809 E BluetoothPowerStatsCollector: 	at com.android.server.power.stats.PowerStatsCollector.$r8$lambda$G7G_yFY7rV7oxQbQHnZ5FHX8eBk(PowerStatsCollector.java:0)
03-06 16:50:45.768   755   809 E BluetoothPowerStatsCollector: 	at com.android.server.power.stats.PowerStatsCollector$$ExternalSyntheticLambda1.run(R8$$SyntheticClass:0)
03-06 16:50:45.768   755   809 E BluetoothPowerStatsCollector: 	at android.os.Handler.handleCallback(Handler.java:1070)
03-06 16:50:45.768   755   809 E BluetoothPowerStatsCollector: 	at android.os.Handler.dispatchMessage(Handler.java:125)
03-06 16:50:45.768   755   809 E BluetoothPowerStatsCollector: 	at android.os.Looper.dispatchMessage(Looper.java:333)
03-06 16:50:45.768   755   809 E BluetoothPowerStatsCollector: 	at android.os.Looper.loopOnce(Looper.java:263)
03-06 16:50:45.768   755   809 E BluetoothPowerStatsCollector: 	at android.os.Looper.loop(Looper.java:367)
03-06 16:50:45.768   755   809 E BluetoothPowerStatsCollector: 	at android.os.HandlerThread.run(HandlerThread.java:139)
03-06 16:50:45.768   755   809 E BluetoothPowerStatsCollector: Caused by: java.lang.RuntimeException: error: 11
03-06 16:50:45.768   755   809 E BluetoothPowerStatsCollector: 	at com.android.server.power.stats.BluetoothPowerStatsCollector$1.onBluetoothActivityEnergyInfoError(BluetoothPowerStatsCollector.java:180)
03-06 16:50:45.768   755   809 E BluetoothPowerStatsCollector: 	at android.bluetooth.BluetoothAdapter$OnBluetoothActivityEnergyInfoProxy.lambda$onBluetoothActivityEnergyInfoAvailable$0(BluetoothAdapter.java:1010)
03-06 16:50:45.768   755   809 E BluetoothPowerStatsCollector: 	at android.bluetooth.BluetoothAdapter$OnBluetoothActivityEnergyInfoProxy.$r8$lambda$ks_hN9Vo_x2Jp1k5f-s67WiAd4A(Unknown Source:0)
03-06 16:50:45.768   755   809 E BluetoothPowerStatsCollector: 	at android.bluetooth.BluetoothAdapter$OnBluetoothActivityEnergyInfoProxy$$ExternalSyntheticLambda0.run(D8$$SyntheticClass:0)
03-06 16:50:45.768   755   809 E BluetoothPowerStatsCollector: 	at android.bluetooth.BluetoothUtils.lambda$executeFromBinder$0(BluetoothUtils.java:346)
03-06 16:50:45.768   755   809 E BluetoothPowerStatsCollector: 	at android.bluetooth.BluetoothUtils$$ExternalSyntheticLambda1.run(D8$$SyntheticClass:0)
03-06 16:50:45.768   755   809 E BluetoothPowerStatsCollector: 	at com.android.server.SystemServerInitThreadPool$$ExternalSyntheticLambda0.execute(R8$$SyntheticClass:0)
03-06 16:50:45.768   755   809 E BluetoothPowerStatsCollector: 	at android.bluetooth.BluetoothUtils.executeFromBinder(BluetoothUtils.java:346)
03-06 16:50:45.768   755   809 E BluetoothPowerStatsCollector: 	at android.bluetooth.BluetoothAdapter$OnBluetoothActivityEnergyInfoProxy.onBluetoothActivityEnergyInfoAvailable(BluetoothAdapter.java:1008)
03-06 16:50:45.768   755   809 E BluetoothPowerStatsCollector: 	at android.bluetooth.IBluetoothActivityEnergyInfoListener$Stub.onTransact(IBluetoothActivityEnergyInfoListener.java:98)
03-06 16:50:45.768   755   809 E BluetoothPowerStatsCollector: 	at android.os.Binder.execTransactInternal(Binder.java:1478)
03-06 16:50:45.768   755   809 E BluetoothPowerStatsCollector: 	at android.os.Binder.execTransact(Binder.java:1418)
