env: load .env
env: export EXPO_ROUTER_APP_ROOT EXPO_PUBLIC_API_URL
node.exe : CommandError: No Androi
d connected device found, and no e
mulators could be started automati
cally.
At line:1 char:1
+ & "C:\Program Files\nodejs/node.
exe" "C:\Program Files\nodejs/node
_mo ...
+ ~~~~~~~~~~~~~~~~~~~~~~~~~~~~~~~~
~~~~~~~~~~~~~~~~~~~~~~~~~~~~~~~~~~
~~~
    + CategoryInfo          : Not 
   Specified: (CommandError: N..  
  . automatically.:String) [],    
 RemoteException
    + FullyQualifiedErrorId : Nat 
   iveCommandError
 
Please connect a device or create 
an emulator (https://docs.expo.dev
/workflow/android-studio-emulator)
.
Then follow the instructions here 
to enable USB debugging:
https://developer.android.com/stud
io/run/device.html#developer-devic
e-options. If you are using Genymo
tion go to Settings -> ADB, select
 "Use custom Android SDK tools", a
nd point it at your Android SDK di
rectory.
