| 2026-03-06T16:34:59.851Z expo:babel:exports Found assignment to module.exports or exports at 3
| 2026-03-06T16:35:00.160Z expo:babel:exports Found assignment to module.exports or exports at 3
| 2026-03-06T16:35:00.189Z expo:babel:exports Found assignment to module.exports or exports at 36
| 2026-03-06T16:35:00.215Z expo:babel:exports Found assignment to module.exports or exports at 3
| 2026-03-06T16:35:00.232Z expo:babel:exports Found assignment to module.exports or exports at 331
| 2026-03-06T16:35:00.906Z expo:babel:exports Found assignment to module.exports or exports at 3
| 2026-03-06T16:35:01.143Z expo:babel:exports Found assignment to module.exports or exports at 170
Android apps\mobile\node_modules\expo-router\entry.js  91.9% (1102/1212)
| 2026-03-06T16:35:01.532Z expo:babel:exports Found assignment to module.exports or exports at 496
| 2026-03-06T16:35:02.481Z expo:babel:exports Found assignment to module.exports or exports at 81
| 2026-03-06T16:35:02.489Z expo:babel:exports Found assignment to module.exports or exports at 63
| 2026-03-06T16:35:02.492Z expo:babel:exports Found assignment to module.exports or exports at 15
| 2026-03-06T16:35:02.997Z expo:babel:exports Found assignment to module.exports or exports at 18
| 2026-03-06T16:35:03.145Z expo:babel:exports Found assignment to module.exports or exports at 8
| 2026-03-06T16:35:03.151Z expo:babel:exports Found assignment to module.exports or exports at 12
| 2026-03-06T16:35:03.162Z expo:babel:exports Found assignment to module.exports or exports at 78
| 2026-03-06T16:35:03.178Z expo:babel:exports Found assignment to module.exports or exports at 8
| 2026-03-06T16:35:03.215Z expo:babel:exports Found assignment to module.exports or exports at 3
| 2026-03-06T16:35:03.307Z expo:babel:exports Found assignment to module.exports or exports at 32
| 2026-03-06T16:35:03.500Z expo:babel:exports Found assignment to module.exports or exports at 18
| 2026-03-06T16:35:03.556Z expo:babel:exports Found assignment to module.exports or exports at 1
| 2026-03-06T16:35:03.560Z expo:babel:exports Found assignment to module.exports or exports at 215
| 2026-03-06T16:35:03.815Z expo:babel:exports Found assignment to module.exports or exports at 17
| 2026-03-06T16:35:03.819Z expo:babel:exports Found assignment to module.exports or exports at 11
| 2026-03-06T16:35:03.821Z expo:babel:exports Found assignment to module.exports or exports at 42
| 2026-03-06T16:35:03.841Z expo:babel:exports Found assignment to module.exports or exports at 28
| 2026-03-06T16:35:03.850Z expo:babel:exports Found assignment to module.exports or exports at 136
| 2026-03-06T16:35:03.855Z expo:babel:exports Found assignment to exports at 9
| 2026-03-06T16:35:03.899Z expo:babel:exports Found assignment to module.exports or exports at 319
| 2026-03-06T16:35:03.950Z expo:babel:exports Found assignment to module.exports or exports at 22
| 2026-03-06T16:35:03.954Z expo:babel:exports Found assignment to module.exports or exports at 54
| 2026-03-06T16:35:03.967Z expo:babel:exports Found assignment to module.exports or exports at 5
| 2026-03-06T16:35:03.967Z expo:babel:exports Found assignment to module.exports or exports at 5
| 2026-03-06T16:35:03.970Z expo:babel:exports Found assignment to module.exports or exports at 5
| 2026-03-06T16:35:03.971Z expo:babel:exports Found assignment to module.exports or exports at 5
| 2026-03-06T16:35:03.979Z expo:babel:exports Found assignment to module.exports or exports at 5
| 2026-03-06T16:35:03.980Z expo:babel:exports Found assignment to module.exports or exports at 7
| 2026-03-06T16:35:03.980Z expo:babel:exports Found assignment to module.exports or exports at 5
Android apps\mobile\node_modules\expo-router\entry.js  99.9% (1410/1410)
Android Bundled 17867ms apps\mobile\node_modules\expo-router\entry.js (1410 modules)
 INFO  Connection established to app='host.exp.exponent' on device='sdk_gphone64_x86_64 - 16 - API 36'.
 WARN  SafeAreaView has been deprecated and will be removed in a future release. Please use 'react-native-safe-area-context' instead. See https://github.com/th3rdwave/react-native-safe-area-context
| 2026-03-06T16:35:10.796Z expo:babel:exports Found assignment to module.exports or exports at 11
| 2026-03-06T16:35:10.801Z expo:babel:exports Found assignment to module.exports or exports at 17
| 2026-03-06T16:35:10.829Z expo:babel:exports Found assignment to module.exports or exports at 16
| 2026-03-06T16:35:10.850Z expo:babel:exports Found assignment to module.exports or exports at 6
| 2026-03-06T16:35:10.872Z expo:babel:exports Found assignment to module.exports or exports at 6
| 2026-03-06T16:35:10.945Z expo:babel:exports Found assignment to module.exports or exports at 51
| 2026-03-06T16:35:11.072Z expo:babel:exports Found assignment to module.exports or exports at 4
 ERROR  [TypeError: Cannot read property 'displayName' of undefined] 

Call Stack
  maybeHijackSafeAreaProvider (node_modules\react-native-css-interop\dist\runtime\third-party-libs\react-native-safe-area-context.native.js)
  <anonymous> (node_modules\react-native-css-interop\dist\runtime\wrap-jsx.js)
  BaseRoute (apps\mobile\node_modules\expo-router\build\useScreens.js)
  callComponent.reactStackBottomFrame (node_modules\react-native\Libraries\Renderer\implementations\ReactFabric-dev.js)
  renderWithHooks (node_modules\react-native\Libraries\Renderer\implementations\ReactFabric-dev.js)
  updateFunctionComponent (node_modules\react-native\Libraries\Renderer\implementations\ReactFabric-dev.js)
  beginWork (node_modules\react-native\Libraries\Renderer\implementations\ReactFabric-dev.js)
  runWithFiberInDEV (node_modules\react-native\Libraries\Renderer\implementations\ReactFabric-dev.js)
  performUnitOfWork (node_modules\react-native\Libraries\Renderer\implementations\ReactFabric-dev.js)
  workLoopSync (node_modules\react-native\Libraries\Renderer\implementations\ReactFabric-dev.js)
  renderRootSync (node_modules\react-native\Libraries\Renderer\implementations\ReactFabric-dev.js)
  performWorkOnRoot (node_modules\react-native\Libraries\Renderer\implementations\ReactFabric-dev.js)
  performWorkOnRootViaSchedulerTask (node_modules\react-native\Libraries\Renderer\implementations\ReactFabric-dev.js) 

Call Stack
  SceneView (node_modules\@react-navigation\core\lib\module\SceneView.js)
  render (node_modules\@react-navigation\core\lib\module\useDescriptors.js)
  routes.reduce$argument_0 (node_modules\@react-navigation\core\lib\module\useDescriptors.js)
  reduce (apps\mobile\<native>)
  useDescriptors (node_modules\@react-navigation\core\lib\module\useDescriptors.js)
  useNavigationBuilder (node_modules\@react-navigation\core\lib\module\useNavigationBuilder.js)
  Content (apps\mobile\node_modules\expo-router\build\ExpoRoot.js)
  call (apps\mobile\<native>)
  apply (apps\mobile\<native>)
  <anonymous> (node_modules\react-native-css-interop\dist\runtime\wrap-jsx.js)
  ContextNavigator (apps\mobile\node_modules\expo-router\build\ExpoRoot.js)
  call (apps\mobile\<native>)
  apply (apps\mobile\<native>)
  <anonymous> (node_modules\react-native-css-interop\dist\runtime\wrap-jsx.js)
  ExpoRoot (apps\mobile\node_modules\expo-router\build\ExpoRoot.js)
  call (apps\mobile\<native>)
  apply (apps\mobile\<native>)
  <anonymous> (node_modules\react-native-css-interop\dist\runtime\wrap-jsx.js)
  App (apps\mobile\node_modules\expo-router\build\qualified-entry.js)
  call (apps\mobile\<native>)
  apply (apps\mobile\<native>)
  <anonymous> (node_modules\react-native-css-interop\dist\runtime\wrap-jsx.js)
  WithDevTools (node_modules\expo\src\launch\withDevTools.tsx)
Android apps\mobile\app\_layout.tsx  81.9% (1029/1137)
Android apps\mobile\app\(tabs)\_layout.tsx  30.6% (238/430)
| 2026-03-06T16:35:11.962Z expo:babel:exports Found assignment to module.exports or exports at 20
| 2026-03-06T16:35:12.221Z expo:babel:exports Found assignment to module.exports or exports at 5
| 2026-03-06T16:35:12.225Z expo:babel:exports Found assignment to module.exports or exports at 24
| 2026-03-06T16:35:12.226Z expo:babel:exports Found assignment to module.exports or exports at 45
| 2026-03-06T16:35:12.230Z expo:babel:exports Found assignment to module.exports or exports at 69
| 2026-03-06T16:35:12.308Z expo:babel:exports Found assignment to module.exports or exports at 4
Android Bundled 2215ms apps\mobile\app\_layout.tsx (1410 modules)
Android Bundled 2305ms apps\mobile\app\(tabs)\_layout.tsx (1422 modules)
